<?xml version="1.0" encoding="UTF-8"?>
<!-- Generated by org.testng.reporters.JUnitXMLReporter -->
<testsuite hostname="MobinDawlatzai" ignored="3" name="Login to Hotel Page" tests="3" failures="0" timestamp="10 Jul 2020 00:07:17 GMT" time="0.21" errors="0">
  <testcase name="customerPage" time="0.035" classname="tests.TestNGConcept"/>
  <testcase name="dashboard" time="0.005" classname="tests.TestNGConcept"/>
  <testcase name="logout" time="0.018" classname="tests.TestNGConcept"/>
  <testcase name="signIn" time="0.0" classname="tests.TestNGConcept">
    <ignored/>
  </testcase> <!-- signIn -->
  <testcase name="checkTitle" time="0.0" classname="tests.TestNGConcept">
    <ignored/>
  </testcase> <!-- checkTitle -->
  <testcase name="homepage" time="0.0" classname="tests.TestNGConcept">
    <ignored/>
  </testcase> <!-- homepage -->
</testsuite> <!-- Login to Hotel Page -->
