<?xml version="1.0" encoding="UTF-8"?>
<!-- Generated by org.testng.reporters.JUnitXMLReporter -->
<testsuite hostname="MobinDawlatzai" ignored="4" name="Default test(failed)" tests="2" failures="1" timestamp="08 Jul 2020 00:23:02 GMT" time="0.203" errors="0">
  <testcase name="signIn" time="0.061" classname="tests.TestNGConcept">
    <failure type="java.lang.AssertionError" message="expected [College] but found [School]">
      <![CDATA[java.lang.AssertionError: expected [College] but found [School]
at tests.TestNGConcept.signIn(TestNGConcept.java:12)
... Removed 31 stack frames]]>
    </failure>
  </testcase> <!-- signIn -->
  <testcase name="homepage" time="0.0" classname="tests.TestNGConcept">
    <skipped/>
  </testcase> <!-- homepage -->
  <testcase name="logout" time="0.0" classname="tests.TestNGConcept">
    <ignored/>
  </testcase> <!-- logout -->
  <testcase name="customerPage" time="0.0" classname="tests.TestNGConcept">
    <ignored/>
  </testcase> <!-- customerPage -->
  <testcase name="checkTitle" time="0.0" classname="tests.TestNGConcept">
    <ignored/>
  </testcase> <!-- checkTitle -->
  <testcase name="dashboard" time="0.0" classname="tests.TestNGConcept">
    <ignored/>
  </testcase> <!-- dashboard -->
</testsuite> <!-- Default test(failed) -->
